<?xml version="1.0" encoding="UTF-8"?>
<testsuite name="com.springboot.gogo.first.domain.posts.PostsRepositoryTest" tests="2" skipped="0" failures="0" errors="0" timestamp="2021-03-21T02:32:16" hostname="DESKTOP-D173VGT" time="0.245">
  <properties/>
  <testcase name="게시글저장_불러오기" classname="com.springboot.gogo.first.domain.posts.PostsRepositoryTest" time="0.237"/>
  <testcase name="BaseTimeEntity_등록" classname="com.springboot.gogo.first.domain.posts.PostsRepositoryTest" time="0.008"/>
  <system-out><![CDATA[2021-03-21 11:32:10.896  INFO 73288 --- [    Test worker] .b.t.c.SpringBootTestContextBootstrapper : Neither @ContextConfiguration nor @ContextHierarchy found for test class [com.springboot.gogo.first.domain.posts.PostsRepositoryTest], using SpringBootContextLoader
2021-03-21 11:32:10.897  INFO 73288 --- [    Test worker] o.s.t.c.support.AbstractContextLoader    : Could not detect default resource locations for test class [com.springboot.gogo.first.domain.posts.PostsRepositoryTest]: no resource found for suffixes {-context.xml, Context.groovy}.
2021-03-21 11:32:10.898  INFO 73288 --- [    Test worker] t.c.s.AnnotationConfigContextLoaderUtils : Could not detect default configuration classes for test class [com.springboot.gogo.first.domain.posts.PostsRepositoryTest]: PostsRepositoryTest does not declare any static, non-private, non-final, nested classes annotated with @Configuration.
2021-03-21 11:32:10.909  INFO 73288 --- [    Test worker] .b.t.c.SpringBootTestContextBootstrapper : Found @SpringBootConfiguration com.springboot.gogo.first.Application for test class com.springboot.gogo.first.domain.posts.PostsRepositoryTest
2021-03-21 11:32:10.912  INFO 73288 --- [    Test worker] .b.t.c.SpringBootTestContextBootstrapper : Loaded default TestExecutionListener class names from location [META-INF/spring.factories]: [org.springframework.security.test.context.support.WithSecurityContextTestExecutionListener, org.springframework.security.test.context.support.ReactorContextTestExecutionListener, org.springframework.boot.test.autoconfigure.restdocs.RestDocsTestExecutionListener, org.springframework.boot.test.autoconfigure.web.client.MockRestServiceServerResetTestExecutionListener, org.springframework.boot.test.autoconfigure.web.servlet.MockMvcPrintOnlyOnFailureTestExecutionListener, org.springframework.boot.test.autoconfigure.web.servlet.WebDriverTestExecutionListener, org.springframework.boot.test.mock.mockito.MockitoTestExecutionListener, org.springframework.boot.test.mock.mockito.ResetMocksTestExecutionListener, org.springframework.test.context.web.ServletTestExecutionListener, org.springframework.test.context.support.DirtiesContextBeforeModesTestExecutionListener, org.springframework.test.context.support.DependencyInjectionTestExecutionListener, org.springframework.test.context.support.DirtiesContextTestExecutionListener, org.springframework.test.context.transaction.TransactionalTestExecutionListener, org.springframework.test.context.jdbc.SqlScriptsTestExecutionListener]
2021-03-21 11:32:10.913  INFO 73288 --- [    Test worker] .b.t.c.SpringBootTestContextBootstrapper : Using TestExecutionListeners: [org.springframework.test.context.web.ServletTestExecutionListener@312c16a6, org.springframework.test.context.support.DirtiesContextBeforeModesTestExecutionListener@525db135, org.springframework.boot.test.mock.mockito.MockitoTestExecutionListener@12e5dd85, org.springframework.boot.test.autoconfigure.SpringBootDependencyInjectionTestExecutionListener@787dedc8, org.springframework.test.context.support.DirtiesContextTestExecutionListener@29b54d47, org.springframework.test.context.transaction.TransactionalTestExecutionListener@16de955d, org.springframework.test.context.jdbc.SqlScriptsTestExecutionListener@2aeb6bf6, org.springframework.security.test.context.support.WithSecurityContextTestExecutionListener@3defd0ce, org.springframework.security.test.context.support.ReactorContextTestExecutionListener@3e337d41, org.springframework.boot.test.autoconfigure.restdocs.RestDocsTestExecutionListener@5ca573a7, org.springframework.boot.test.autoconfigure.web.client.MockRestServiceServerResetTestExecutionListener@2d60071e, org.springframework.boot.test.autoconfigure.web.servlet.MockMvcPrintOnlyOnFailureTestExecutionListener@6e4adbdc, org.springframework.boot.test.autoconfigure.web.servlet.WebDriverTestExecutionListener@4b366a21, org.springframework.boot.test.mock.mockito.ResetMocksTestExecutionListener@3cf910ab]

  .   ____          _            __ _ _
 /\\ / ___'_ __ _ _(_)_ __  __ _ \ \ \ \
( ( )\___ | '_ | '_| | '_ \/ _` | \ \ \ \
 \\/  ___)| |_)| | | | | || (_| |  ) ) ) )
  '  |____| .__|_| |_|_| |_\__, | / / / /
 =========|_|==============|___/=/_/_/_/
 :: Spring Boot ::        (v2.1.7.RELEASE)

2021-03-21 11:32:10.948  INFO 73288 --- [    Test worker] c.s.g.f.d.posts.PostsRepositoryTest      : Starting PostsRepositoryTest on DESKTOP-D173VGT with PID 73288 (started by evera in C:\Users\evera\IdeaProjects\springboot-gogo)
2021-03-21 11:32:10.949  INFO 73288 --- [    Test worker] c.s.g.f.d.posts.PostsRepositoryTest      : No active profile set, falling back to default profiles: default
2021-03-21 11:32:11.423  INFO 73288 --- [    Test worker] .s.d.r.c.RepositoryConfigurationDelegate : Bootstrapping Spring Data repositories in DEFAULT mode.
2021-03-21 11:32:11.514  INFO 73288 --- [    Test worker] .s.d.r.c.RepositoryConfigurationDelegate : Finished Spring Data repository scanning in 82ms. Found 2 repository interfaces.
2021-03-21 11:32:11.802  INFO 73288 --- [    Test worker] trationDelegate$BeanPostProcessorChecker : Bean 'org.springframework.transaction.annotation.ProxyTransactionManagementConfiguration' of type [org.springframework.transaction.annotation.ProxyTransactionManagementConfiguration$$EnhancerBySpringCGLIB$$d710eca4] is not eligible for getting processed by all BeanPostProcessors (for example: not eligible for auto-proxying)
2021-03-21 11:32:12.000  INFO 73288 --- [    Test worker] com.zaxxer.hikari.HikariDataSource       : HikariPool-1 - Starting...
2021-03-21 11:32:12.228  INFO 73288 --- [    Test worker] com.zaxxer.hikari.HikariDataSource       : HikariPool-1 - Start completed.
2021-03-21 11:32:12.351  INFO 73288 --- [    Test worker] o.hibernate.jpa.internal.util.LogHelper  : HHH000204: Processing PersistenceUnitInfo [
	name: default
	...]
2021-03-21 11:32:12.460  INFO 73288 --- [    Test worker] org.hibernate.Version                    : HHH000412: Hibernate Core {5.3.10.Final}
2021-03-21 11:32:12.463  INFO 73288 --- [    Test worker] org.hibernate.cfg.Environment            : HHH000206: hibernate.properties not found
2021-03-21 11:32:12.551  INFO 73288 --- [    Test worker] o.hibernate.annotations.common.Version   : HCANN000001: Hibernate Commons Annotations {5.0.4.Final}
2021-03-21 11:32:12.807  INFO 73288 --- [    Test worker] org.hibernate.dialect.Dialect            : HHH000400: Using dialect: org.hibernate.dialect.MySQL5InnoDBDialect
Hibernate: drop table if exists posts
Hibernate: drop table if exists user
Hibernate: create table posts (id bigint not null auto_increment, created_date datetime, modified_date datetime, author varchar(255), content TEXT not null, title varchar(500) not null, primary key (id)) engine=InnoDB
Hibernate: create table user (id bigint not null auto_increment, created_date datetime, modified_date datetime, email varchar(255) not null, name varchar(255) not null, picture varchar(255), role varchar(255) not null, primary key (id)) engine=InnoDB
2021-03-21 11:32:13.932  INFO 73288 --- [    Test worker] o.h.t.schema.internal.SchemaCreatorImpl  : HHH000476: Executing import script 'org.hibernate.tool.schema.internal.exec.ScriptSourceInputNonExistentImpl@22cda93b'
2021-03-21 11:32:13.936  INFO 73288 --- [    Test worker] j.LocalContainerEntityManagerFactoryBean : Initialized JPA EntityManagerFactory for persistence unit 'default'
2021-03-21 11:32:14.572  INFO 73288 --- [    Test worker] o.h.h.i.QueryTranslatorFactoryInitiator  : HHH000397: Using ASTQueryTranslatorFactory
2021-03-21 11:32:15.003  INFO 73288 --- [    Test worker] o.s.s.web.DefaultSecurityFilterChain     : Creating filter chain: any request, [org.springframework.security.web.context.request.async.WebAsyncManagerIntegrationFilter@64aeabb4, org.springframework.security.web.context.SecurityContextPersistenceFilter@677efd18, org.springframework.security.web.header.HeaderWriterFilter@30e4ebad, org.springframework.security.web.authentication.logout.LogoutFilter@3dbf4434, org.springframework.security.oauth2.client.web.OAuth2AuthorizationRequestRedirectFilter@5ae2db48, org.springframework.security.oauth2.client.web.OAuth2LoginAuthenticationFilter@d1daeb3, org.springframework.security.web.authentication.ui.DefaultLoginPageGeneratingFilter@2db9eaa6, org.springframework.security.web.authentication.ui.DefaultLogoutPageGeneratingFilter@6c58fc65, org.springframework.security.web.savedrequest.RequestCacheAwareFilter@412c5d47, org.springframework.security.web.servletapi.SecurityContextHolderAwareRequestFilter@56027f4c, org.springframework.security.web.authentication.AnonymousAuthenticationFilter@cd0af6b, org.springframework.security.web.session.SessionManagementFilter@247bf775, org.springframework.security.web.access.ExceptionTranslationFilter@3e3318e8, org.springframework.security.web.access.intercept.FilterSecurityInterceptor@6760b17e]
2021-03-21 11:32:15.448  INFO 73288 --- [    Test worker] o.s.s.concurrent.ThreadPoolTaskExecutor  : Initializing ExecutorService 'applicationTaskExecutor'
2021-03-21 11:32:15.467  WARN 73288 --- [    Test worker] aWebConfiguration$JpaWebMvcConfiguration : spring.jpa.open-in-view is enabled by default. Therefore, database queries may be performed during view rendering. Explicitly configure spring.jpa.open-in-view to disable this warning
2021-03-21 11:32:15.510  INFO 73288 --- [    Test worker] o.s.b.a.w.s.WelcomePageHandlerMapping    : Adding welcome page template: index
2021-03-21 11:32:16.115  INFO 73288 --- [    Test worker] s.a.ScheduledAnnotationBeanPostProcessor : No TaskScheduler/ScheduledExecutorService bean found for scheduled processing
2021-03-21 11:32:16.125  INFO 73288 --- [    Test worker] c.s.g.f.d.posts.PostsRepositoryTest      : Started PostsRepositoryTest in 5.21 seconds (JVM running for 9.707)
Hibernate: insert into posts (created_date, modified_date, author, content, title) values (?, ?, ?, ?, ?)
Hibernate: select posts0_.id as id1_0_, posts0_.created_date as created_2_0_, posts0_.modified_date as modified3_0_, posts0_.author as author4_0_, posts0_.content as content5_0_, posts0_.title as title6_0_ from posts posts0_
Hibernate: select posts0_.id as id1_0_, posts0_.created_date as created_2_0_, posts0_.modified_date as modified3_0_, posts0_.author as author4_0_, posts0_.content as content5_0_, posts0_.title as title6_0_ from posts posts0_
Hibernate: delete from posts where id=?
Hibernate: insert into posts (created_date, modified_date, author, content, title) values (?, ?, ?, ?, ?)
Hibernate: select posts0_.id as id1_0_, posts0_.created_date as created_2_0_, posts0_.modified_date as modified3_0_, posts0_.author as author4_0_, posts0_.content as content5_0_, posts0_.title as title6_0_ from posts posts0_
>>>>>>>>>>>>>>> createdDate=2021-03-21T11:32:16.369, modifiedDate=2021-03-21T11:32:16.369
Hibernate: select posts0_.id as id1_0_, posts0_.created_date as created_2_0_, posts0_.modified_date as modified3_0_, posts0_.author as author4_0_, posts0_.content as content5_0_, posts0_.title as title6_0_ from posts posts0_
Hibernate: delete from posts where id=?
]]></system-out>
  <system-err><![CDATA[]]></system-err>
</testsuite>
