<?xml version="1.0" encoding="UTF-8"?>
<testsuite name="com.springboot.gogo.first.web.PostsApiControllerTest" tests="2" skipped="0" failures="0" errors="0" timestamp="2021-03-21T02:32:19" hostname="DESKTOP-D173VGT" time="0.094">
  <properties/>
  <testcase name="Posts_등록된다" classname="com.springboot.gogo.first.web.PostsApiControllerTest" time="0.069"/>
  <testcase name="Posts_수정된다" classname="com.springboot.gogo.first.web.PostsApiControllerTest" time="0.025"/>
  <system-out><![CDATA[2021-03-21 11:32:19.114  INFO 73288 --- [    Test worker] .b.t.c.SpringBootTestContextBootstrapper : Neither @ContextConfiguration nor @ContextHierarchy found for test class [com.springboot.gogo.first.web.PostsApiControllerTest], using SpringBootContextLoader
2021-03-21 11:32:19.115  INFO 73288 --- [    Test worker] o.s.t.c.support.AbstractContextLoader    : Could not detect default resource locations for test class [com.springboot.gogo.first.web.PostsApiControllerTest]: no resource found for suffixes {-context.xml, Context.groovy}.
2021-03-21 11:32:19.115  INFO 73288 --- [    Test worker] t.c.s.AnnotationConfigContextLoaderUtils : Could not detect default configuration classes for test class [com.springboot.gogo.first.web.PostsApiControllerTest]: PostsApiControllerTest does not declare any static, non-private, non-final, nested classes annotated with @Configuration.
2021-03-21 11:32:19.117  INFO 73288 --- [    Test worker] .b.t.c.SpringBootTestContextBootstrapper : Found @SpringBootConfiguration com.springboot.gogo.first.Application for test class com.springboot.gogo.first.web.PostsApiControllerTest
2021-03-21 11:32:19.118  INFO 73288 --- [    Test worker] .b.t.c.SpringBootTestContextBootstrapper : Loaded default TestExecutionListener class names from location [META-INF/spring.factories]: [org.springframework.security.test.context.support.WithSecurityContextTestExecutionListener, org.springframework.security.test.context.support.ReactorContextTestExecutionListener, org.springframework.boot.test.autoconfigure.restdocs.RestDocsTestExecutionListener, org.springframework.boot.test.autoconfigure.web.client.MockRestServiceServerResetTestExecutionListener, org.springframework.boot.test.autoconfigure.web.servlet.MockMvcPrintOnlyOnFailureTestExecutionListener, org.springframework.boot.test.autoconfigure.web.servlet.WebDriverTestExecutionListener, org.springframework.boot.test.mock.mockito.MockitoTestExecutionListener, org.springframework.boot.test.mock.mockito.ResetMocksTestExecutionListener, org.springframework.test.context.web.ServletTestExecutionListener, org.springframework.test.context.support.DirtiesContextBeforeModesTestExecutionListener, org.springframework.test.context.support.DependencyInjectionTestExecutionListener, org.springframework.test.context.support.DirtiesContextTestExecutionListener, org.springframework.test.context.transaction.TransactionalTestExecutionListener, org.springframework.test.context.jdbc.SqlScriptsTestExecutionListener]
2021-03-21 11:32:19.119  INFO 73288 --- [    Test worker] .b.t.c.SpringBootTestContextBootstrapper : Using TestExecutionListeners: [org.springframework.test.context.web.ServletTestExecutionListener@30c6d1d1, org.springframework.test.context.support.DirtiesContextBeforeModesTestExecutionListener@5a3a5e42, org.springframework.boot.test.mock.mockito.MockitoTestExecutionListener@6cb43d21, org.springframework.boot.test.autoconfigure.SpringBootDependencyInjectionTestExecutionListener@54bdb6f7, org.springframework.test.context.support.DirtiesContextTestExecutionListener@5273bde8, org.springframework.test.context.transaction.TransactionalTestExecutionListener@5ab331aa, org.springframework.test.context.jdbc.SqlScriptsTestExecutionListener@172352e8, org.springframework.security.test.context.support.WithSecurityContextTestExecutionListener@2e1044f5, org.springframework.security.test.context.support.ReactorContextTestExecutionListener@61433022, org.springframework.boot.test.autoconfigure.restdocs.RestDocsTestExecutionListener@22be63c1, org.springframework.boot.test.autoconfigure.web.client.MockRestServiceServerResetTestExecutionListener@2f87d16c, org.springframework.boot.test.autoconfigure.web.servlet.MockMvcPrintOnlyOnFailureTestExecutionListener@39c0f85, org.springframework.boot.test.autoconfigure.web.servlet.WebDriverTestExecutionListener@7b26edf4, org.springframework.boot.test.mock.mockito.ResetMocksTestExecutionListener@2ad7293a]
2021-03-21 11:32:19.127  INFO 73288 --- [    Test worker] o.a.c.c.C.[Tomcat].[localhost].[/]       : Initializing Spring TestDispatcherServlet ''
2021-03-21 11:32:19.127  INFO 73288 --- [    Test worker] o.s.t.web.servlet.TestDispatcherServlet  : Initializing Servlet ''
2021-03-21 11:32:19.129  INFO 73288 --- [    Test worker] o.s.t.web.servlet.TestDispatcherServlet  : Completed initialization in 2 ms
Hibernate: insert into posts (created_date, modified_date, author, content, title) values (?, ?, ?, ?, ?)
Hibernate: select posts0_.id as id1_0_, posts0_.created_date as created_2_0_, posts0_.modified_date as modified3_0_, posts0_.author as author4_0_, posts0_.content as content5_0_, posts0_.title as title6_0_ from posts posts0_
Hibernate: select posts0_.id as id1_0_, posts0_.created_date as created_2_0_, posts0_.modified_date as modified3_0_, posts0_.author as author4_0_, posts0_.content as content5_0_, posts0_.title as title6_0_ from posts posts0_
Hibernate: delete from posts where id=?
2021-03-21 11:32:19.193  INFO 73288 --- [    Test worker] o.a.c.c.C.[Tomcat].[localhost].[/]       : Initializing Spring TestDispatcherServlet ''
2021-03-21 11:32:19.194  INFO 73288 --- [    Test worker] o.s.t.web.servlet.TestDispatcherServlet  : Initializing Servlet ''
2021-03-21 11:32:19.195  INFO 73288 --- [    Test worker] o.s.t.web.servlet.TestDispatcherServlet  : Completed initialization in 1 ms
Hibernate: insert into posts (created_date, modified_date, author, content, title) values (?, ?, ?, ?, ?)
Hibernate: select posts0_.id as id1_0_0_, posts0_.created_date as created_2_0_0_, posts0_.modified_date as modified3_0_0_, posts0_.author as author4_0_0_, posts0_.content as content5_0_0_, posts0_.title as title6_0_0_ from posts posts0_ where posts0_.id=?
Hibernate: update posts set created_date=?, modified_date=?, author=?, content=?, title=? where id=?
Hibernate: select posts0_.id as id1_0_, posts0_.created_date as created_2_0_, posts0_.modified_date as modified3_0_, posts0_.author as author4_0_, posts0_.content as content5_0_, posts0_.title as title6_0_ from posts posts0_
Hibernate: select posts0_.id as id1_0_, posts0_.created_date as created_2_0_, posts0_.modified_date as modified3_0_, posts0_.author as author4_0_, posts0_.content as content5_0_, posts0_.title as title6_0_ from posts posts0_
Hibernate: delete from posts where id=?
]]></system-out>
  <system-err><![CDATA[]]></system-err>
</testsuite>
