<?xml version="1.0" encoding="UTF-8"?>
<testsuite name="com.springboot.gogo.first.web.HelloControllerTest" tests="2" skipped="0" failures="0" errors="0" timestamp="2021-03-21T12:37:58" hostname="DESKTOP-D173VGT" time="0.158">
  <properties/>
  <testcase name="hello가_리턴된다" classname="com.springboot.gogo.first.web.HelloControllerTest" time="0.068"/>
  <testcase name="helloDto가_리턴된다" classname="com.springboot.gogo.first.web.HelloControllerTest" time="0.089"/>
  <system-out><![CDATA[2021-03-21 21:37:57.781  INFO 88728 --- [    Test worker] .b.t.a.w.s.WebMvcTestContextBootstrapper : Neither @ContextConfiguration nor @ContextHierarchy found for test class [com.springboot.gogo.first.web.HelloControllerTest], using SpringBootContextLoader
2021-03-21 21:37:57.782  INFO 88728 --- [    Test worker] o.s.t.c.support.AbstractContextLoader    : Could not detect default resource locations for test class [com.springboot.gogo.first.web.HelloControllerTest]: no resource found for suffixes {-context.xml, Context.groovy}.
2021-03-21 21:37:57.783  INFO 88728 --- [    Test worker] t.c.s.AnnotationConfigContextLoaderUtils : Could not detect default configuration classes for test class [com.springboot.gogo.first.web.HelloControllerTest]: HelloControllerTest does not declare any static, non-private, non-final, nested classes annotated with @Configuration.
2021-03-21 21:37:57.811  INFO 88728 --- [    Test worker] .b.t.c.SpringBootTestContextBootstrapper : Found @SpringBootConfiguration com.springboot.gogo.first.Application for test class com.springboot.gogo.first.web.HelloControllerTest
2021-03-21 21:37:57.812  INFO 88728 --- [    Test worker] .b.t.a.w.s.WebMvcTestContextBootstrapper : Loaded default TestExecutionListener class names from location [META-INF/spring.factories]: [org.springframework.security.test.context.support.WithSecurityContextTestExecutionListener, org.springframework.security.test.context.support.ReactorContextTestExecutionListener, org.springframework.boot.test.autoconfigure.restdocs.RestDocsTestExecutionListener, org.springframework.boot.test.autoconfigure.web.client.MockRestServiceServerResetTestExecutionListener, org.springframework.boot.test.autoconfigure.web.servlet.MockMvcPrintOnlyOnFailureTestExecutionListener, org.springframework.boot.test.autoconfigure.web.servlet.WebDriverTestExecutionListener, org.springframework.boot.test.mock.mockito.MockitoTestExecutionListener, org.springframework.boot.test.mock.mockito.ResetMocksTestExecutionListener, org.springframework.test.context.web.ServletTestExecutionListener, org.springframework.test.context.support.DirtiesContextBeforeModesTestExecutionListener, org.springframework.test.context.support.DependencyInjectionTestExecutionListener, org.springframework.test.context.support.DirtiesContextTestExecutionListener, org.springframework.test.context.transaction.TransactionalTestExecutionListener, org.springframework.test.context.jdbc.SqlScriptsTestExecutionListener]
2021-03-21 21:37:57.813  INFO 88728 --- [    Test worker] .b.t.a.w.s.WebMvcTestContextBootstrapper : Using TestExecutionListeners: [org.springframework.test.context.web.ServletTestExecutionListener@ffda6a6, org.springframework.test.context.support.DirtiesContextBeforeModesTestExecutionListener@6acff781, org.springframework.boot.test.mock.mockito.MockitoTestExecutionListener@26bbdec2, org.springframework.boot.test.autoconfigure.SpringBootDependencyInjectionTestExecutionListener@36789fea, org.springframework.test.context.support.DirtiesContextTestExecutionListener@5452d715, org.springframework.test.context.transaction.TransactionalTestExecutionListener@413451e1, org.springframework.test.context.jdbc.SqlScriptsTestExecutionListener@3981dacb, org.springframework.security.test.context.support.WithSecurityContextTestExecutionListener@4b7485de, org.springframework.security.test.context.support.ReactorContextTestExecutionListener@95c09da, org.springframework.boot.test.autoconfigure.restdocs.RestDocsTestExecutionListener@6a04ea49, org.springframework.boot.test.autoconfigure.web.client.MockRestServiceServerResetTestExecutionListener@5de42240, org.springframework.boot.test.autoconfigure.web.servlet.MockMvcPrintOnlyOnFailureTestExecutionListener@32d10657, org.springframework.boot.test.autoconfigure.web.servlet.WebDriverTestExecutionListener@5b2acb0e, org.springframework.boot.test.mock.mockito.ResetMocksTestExecutionListener@16b12480]

  .   ____          _            __ _ _
 /\\ / ___'_ __ _ _(_)_ __  __ _ \ \ \ \
( ( )\___ | '_ | '_| | '_ \/ _` | \ \ \ \
 \\/  ___)| |_)| | | | | || (_| |  ) ) ) )
  '  |____| .__|_| |_|_| |_\__, | / / / /
 =========|_|==============|___/=/_/_/_/
 :: Spring Boot ::        (v2.1.7.RELEASE)

2021-03-21 21:37:57.860  INFO 88728 --- [    Test worker] c.s.gogo.first.web.HelloControllerTest   : Starting HelloControllerTest on DESKTOP-D173VGT with PID 88728 (started by evera in C:\Users\evera\IdeaProjects\springboot-gogo)
2021-03-21 21:37:57.861  INFO 88728 --- [    Test worker] c.s.gogo.first.web.HelloControllerTest   : No active profile set, falling back to default profiles: default
2021-03-21 21:37:58.403  INFO 88728 --- [    Test worker] o.s.s.concurrent.ThreadPoolTaskExecutor  : Initializing ExecutorService 'applicationTaskExecutor'
2021-03-21 21:37:58.452  INFO 88728 --- [    Test worker] o.s.b.a.w.s.WelcomePageHandlerMapping    : Adding welcome page template: index
2021-03-21 21:37:58.716  INFO 88728 --- [    Test worker] .s.s.UserDetailsServiceAutoConfiguration : 

Using generated security password: fd499a22-9ff7-4286-878e-6806a48e90ef

2021-03-21 21:37:58.901  INFO 88728 --- [    Test worker] o.s.s.web.DefaultSecurityFilterChain     : Creating filter chain: any request, [org.springframework.security.web.context.request.async.WebAsyncManagerIntegrationFilter@65e51da1, org.springframework.security.web.context.SecurityContextPersistenceFilter@392fdcca, org.springframework.security.web.header.HeaderWriterFilter@1e20effc, org.springframework.security.web.csrf.CsrfFilter@6e868b7, org.springframework.security.web.authentication.logout.LogoutFilter@5b7c1264, org.springframework.security.web.authentication.UsernamePasswordAuthenticationFilter@51497255, org.springframework.security.web.authentication.ui.DefaultLoginPageGeneratingFilter@37a95b6d, org.springframework.security.web.authentication.ui.DefaultLogoutPageGeneratingFilter@8428c74, org.springframework.security.web.authentication.www.BasicAuthenticationFilter@6eb2282f, org.springframework.security.web.savedrequest.RequestCacheAwareFilter@3132a380, org.springframework.security.web.servletapi.SecurityContextHolderAwareRequestFilter@28f4e555, org.springframework.security.web.authentication.AnonymousAuthenticationFilter@77ce3e03, org.springframework.security.web.session.SessionManagementFilter@5bc8815f, org.springframework.security.web.access.ExceptionTranslationFilter@4779fd82, org.springframework.security.web.access.intercept.FilterSecurityInterceptor@6d44be58]
2021-03-21 21:37:58.946  INFO 88728 --- [    Test worker] o.s.b.t.m.w.SpringBootMockServletContext : Initializing Spring TestDispatcherServlet ''
2021-03-21 21:37:58.946  INFO 88728 --- [    Test worker] o.s.t.web.servlet.TestDispatcherServlet  : Initializing Servlet ''
2021-03-21 21:37:58.962  INFO 88728 --- [    Test worker] o.s.t.web.servlet.TestDispatcherServlet  : Completed initialization in 16 ms
2021-03-21 21:37:58.996  INFO 88728 --- [    Test worker] c.s.gogo.first.web.HelloControllerTest   : Started HelloControllerTest in 1.18 seconds (JVM running for 9.894)
]]></system-out>
  <system-err><![CDATA[]]></system-err>
</testsuite>
