<?xml version="1.0" encoding="UTF-8"?>
<testsuite name="com.springboot.gogo.first.web.dto.HelloResponseDtoTest" tests="1" skipped="0" failures="0" errors="0" timestamp="2021-03-21T02:32:16" hostname="DESKTOP-D173VGT" time="0.002">
  <properties/>
  <testcase name="롬복_기능_테스트" classname="com.springboot.gogo.first.web.dto.HelloResponseDtoTest" time="0.002"/>
  <system-out><![CDATA[]]></system-out>
  <system-err><![CDATA[]]></system-err>
</testsuite>
