<?xml version="1.0" encoding="UTF-8"?>
<testsuite name="com.springboot.gogo.first.web.HelloControllerTest" tests="2" skipped="0" failures="0" errors="0" timestamp="2021-03-21T12:22:53" hostname="DESKTOP-D173VGT" time="0.183">
  <properties/>
  <testcase name="hello가_리턴된다" classname="com.springboot.gogo.first.web.HelloControllerTest" time="0.08"/>
  <testcase name="helloDto가_리턴된다" classname="com.springboot.gogo.first.web.HelloControllerTest" time="0.103"/>
  <system-out><![CDATA[2021-03-21 21:22:51.798  INFO 84916 --- [    Test worker] .b.t.a.w.s.WebMvcTestContextBootstrapper : Neither @ContextConfiguration nor @ContextHierarchy found for test class [com.springboot.gogo.first.web.HelloControllerTest], using SpringBootContextLoader
2021-03-21 21:22:51.799  INFO 84916 --- [    Test worker] o.s.t.c.support.AbstractContextLoader    : Could not detect default resource locations for test class [com.springboot.gogo.first.web.HelloControllerTest]: no resource found for suffixes {-context.xml, Context.groovy}.
2021-03-21 21:22:51.800  INFO 84916 --- [    Test worker] t.c.s.AnnotationConfigContextLoaderUtils : Could not detect default configuration classes for test class [com.springboot.gogo.first.web.HelloControllerTest]: HelloControllerTest does not declare any static, non-private, non-final, nested classes annotated with @Configuration.
2021-03-21 21:22:51.825  INFO 84916 --- [    Test worker] .b.t.c.SpringBootTestContextBootstrapper : Found @SpringBootConfiguration com.springboot.gogo.first.Application for test class com.springboot.gogo.first.web.HelloControllerTest
2021-03-21 21:22:51.826  INFO 84916 --- [    Test worker] .b.t.a.w.s.WebMvcTestContextBootstrapper : Loaded default TestExecutionListener class names from location [META-INF/spring.factories]: [org.springframework.security.test.context.support.WithSecurityContextTestExecutionListener, org.springframework.security.test.context.support.ReactorContextTestExecutionListener, org.springframework.boot.test.autoconfigure.restdocs.RestDocsTestExecutionListener, org.springframework.boot.test.autoconfigure.web.client.MockRestServiceServerResetTestExecutionListener, org.springframework.boot.test.autoconfigure.web.servlet.MockMvcPrintOnlyOnFailureTestExecutionListener, org.springframework.boot.test.autoconfigure.web.servlet.WebDriverTestExecutionListener, org.springframework.boot.test.mock.mockito.MockitoTestExecutionListener, org.springframework.boot.test.mock.mockito.ResetMocksTestExecutionListener, org.springframework.test.context.web.ServletTestExecutionListener, org.springframework.test.context.support.DirtiesContextBeforeModesTestExecutionListener, org.springframework.test.context.support.DependencyInjectionTestExecutionListener, org.springframework.test.context.support.DirtiesContextTestExecutionListener, org.springframework.test.context.transaction.TransactionalTestExecutionListener, org.springframework.test.context.jdbc.SqlScriptsTestExecutionListener]
2021-03-21 21:22:51.827  INFO 84916 --- [    Test worker] .b.t.a.w.s.WebMvcTestContextBootstrapper : Using TestExecutionListeners: [org.springframework.test.context.web.ServletTestExecutionListener@4d015531, org.springframework.test.context.support.DirtiesContextBeforeModesTestExecutionListener@208cd9cc, org.springframework.boot.test.mock.mockito.MockitoTestExecutionListener@1615da8d, org.springframework.boot.test.autoconfigure.SpringBootDependencyInjectionTestExecutionListener@1edbbfc, org.springframework.test.context.support.DirtiesContextTestExecutionListener@4602ce2d, org.springframework.test.context.transaction.TransactionalTestExecutionListener@863d98, org.springframework.test.context.jdbc.SqlScriptsTestExecutionListener@387f5eb7, org.springframework.security.test.context.support.WithSecurityContextTestExecutionListener@5421201f, org.springframework.security.test.context.support.ReactorContextTestExecutionListener@402ef10, org.springframework.boot.test.autoconfigure.restdocs.RestDocsTestExecutionListener@35d968f5, org.springframework.boot.test.autoconfigure.web.client.MockRestServiceServerResetTestExecutionListener@7711021f, org.springframework.boot.test.autoconfigure.web.servlet.MockMvcPrintOnlyOnFailureTestExecutionListener@2aedf53a, org.springframework.boot.test.autoconfigure.web.servlet.WebDriverTestExecutionListener@3904f518, org.springframework.boot.test.mock.mockito.ResetMocksTestExecutionListener@4764ac0d]

  .   ____          _            __ _ _
 /\\ / ___'_ __ _ _(_)_ __  __ _ \ \ \ \
( ( )\___ | '_ | '_| | '_ \/ _` | \ \ \ \
 \\/  ___)| |_)| | | | | || (_| |  ) ) ) )
  '  |____| .__|_| |_|_| |_\__, | / / / /
 =========|_|==============|___/=/_/_/_/
 :: Spring Boot ::        (v2.1.7.RELEASE)

2021-03-21 21:22:51.875  INFO 84916 --- [    Test worker] c.s.gogo.first.web.HelloControllerTest   : Starting HelloControllerTest on DESKTOP-D173VGT with PID 84916 (started by evera in C:\Users\evera\IdeaProjects\springboot-gogo)
2021-03-21 21:22:51.876  INFO 84916 --- [    Test worker] c.s.gogo.first.web.HelloControllerTest   : No active profile set, falling back to default profiles: default
2021-03-21 21:22:52.428  INFO 84916 --- [    Test worker] o.s.s.concurrent.ThreadPoolTaskExecutor  : Initializing ExecutorService 'applicationTaskExecutor'
2021-03-21 21:22:52.468  INFO 84916 --- [    Test worker] o.s.b.a.w.s.WelcomePageHandlerMapping    : Adding welcome page template: index
2021-03-21 21:22:52.753  INFO 84916 --- [    Test worker] .s.s.UserDetailsServiceAutoConfiguration : 

Using generated security password: 5710787b-7431-4233-9c10-f580bdde8d3e

2021-03-21 21:22:52.936  INFO 84916 --- [    Test worker] o.s.s.web.DefaultSecurityFilterChain     : Creating filter chain: any request, [org.springframework.security.web.context.request.async.WebAsyncManagerIntegrationFilter@12f80bab, org.springframework.security.web.context.SecurityContextPersistenceFilter@6de3d326, org.springframework.security.web.header.HeaderWriterFilter@1a268f16, org.springframework.security.web.csrf.CsrfFilter@46d40faf, org.springframework.security.web.authentication.logout.LogoutFilter@12a459e9, org.springframework.security.web.authentication.UsernamePasswordAuthenticationFilter@5485fc9c, org.springframework.security.web.authentication.ui.DefaultLoginPageGeneratingFilter@4c2d5bef, org.springframework.security.web.authentication.ui.DefaultLogoutPageGeneratingFilter@73e3e3f3, org.springframework.security.web.authentication.www.BasicAuthenticationFilter@6b244710, org.springframework.security.web.savedrequest.RequestCacheAwareFilter@5496c080, org.springframework.security.web.servletapi.SecurityContextHolderAwareRequestFilter@7a66bb3b, org.springframework.security.web.authentication.AnonymousAuthenticationFilter@3a363658, org.springframework.security.web.session.SessionManagementFilter@7ce9428a, org.springframework.security.web.access.ExceptionTranslationFilter@4d5e8258, org.springframework.security.web.access.intercept.FilterSecurityInterceptor@6416516d]
2021-03-21 21:22:52.981  INFO 84916 --- [    Test worker] o.s.b.t.m.w.SpringBootMockServletContext : Initializing Spring TestDispatcherServlet ''
2021-03-21 21:22:52.981  INFO 84916 --- [    Test worker] o.s.t.web.servlet.TestDispatcherServlet  : Initializing Servlet ''
2021-03-21 21:22:53.000  INFO 84916 --- [    Test worker] o.s.t.web.servlet.TestDispatcherServlet  : Completed initialization in 19 ms
2021-03-21 21:22:53.035  INFO 84916 --- [    Test worker] c.s.gogo.first.web.HelloControllerTest   : Started HelloControllerTest in 1.205 seconds (JVM running for 10.765)
]]></system-out>
  <system-err><![CDATA[]]></system-err>
</testsuite>
