<?xml version="1.0" encoding="UTF-8"?>
<testsuite name="com.springboot.gogo.first.web.PostsApiControllerTest" tests="2" skipped="0" failures="0" errors="0" timestamp="2021-03-21T12:38:01" hostname="DESKTOP-D173VGT" time="0.097">
  <properties/>
  <testcase name="Posts_등록된다" classname="com.springboot.gogo.first.web.PostsApiControllerTest" time="0.07"/>
  <testcase name="Posts_수정된다" classname="com.springboot.gogo.first.web.PostsApiControllerTest" time="0.027"/>
  <system-out><![CDATA[2021-03-21 21:38:01.924  INFO 88728 --- [    Test worker] .b.t.c.SpringBootTestContextBootstrapper : Neither @ContextConfiguration nor @ContextHierarchy found for test class [com.springboot.gogo.first.web.PostsApiControllerTest], using SpringBootContextLoader
2021-03-21 21:38:01.925  INFO 88728 --- [    Test worker] o.s.t.c.support.AbstractContextLoader    : Could not detect default resource locations for test class [com.springboot.gogo.first.web.PostsApiControllerTest]: no resource found for suffixes {-context.xml, Context.groovy}.
2021-03-21 21:38:01.925  INFO 88728 --- [    Test worker] t.c.s.AnnotationConfigContextLoaderUtils : Could not detect default configuration classes for test class [com.springboot.gogo.first.web.PostsApiControllerTest]: PostsApiControllerTest does not declare any static, non-private, non-final, nested classes annotated with @Configuration.
2021-03-21 21:38:01.927  INFO 88728 --- [    Test worker] .b.t.c.SpringBootTestContextBootstrapper : Found @SpringBootConfiguration com.springboot.gogo.first.Application for test class com.springboot.gogo.first.web.PostsApiControllerTest
2021-03-21 21:38:01.928  INFO 88728 --- [    Test worker] .b.t.c.SpringBootTestContextBootstrapper : Loaded default TestExecutionListener class names from location [META-INF/spring.factories]: [org.springframework.security.test.context.support.WithSecurityContextTestExecutionListener, org.springframework.security.test.context.support.ReactorContextTestExecutionListener, org.springframework.boot.test.autoconfigure.restdocs.RestDocsTestExecutionListener, org.springframework.boot.test.autoconfigure.web.client.MockRestServiceServerResetTestExecutionListener, org.springframework.boot.test.autoconfigure.web.servlet.MockMvcPrintOnlyOnFailureTestExecutionListener, org.springframework.boot.test.autoconfigure.web.servlet.WebDriverTestExecutionListener, org.springframework.boot.test.mock.mockito.MockitoTestExecutionListener, org.springframework.boot.test.mock.mockito.ResetMocksTestExecutionListener, org.springframework.test.context.web.ServletTestExecutionListener, org.springframework.test.context.support.DirtiesContextBeforeModesTestExecutionListener, org.springframework.test.context.support.DependencyInjectionTestExecutionListener, org.springframework.test.context.support.DirtiesContextTestExecutionListener, org.springframework.test.context.transaction.TransactionalTestExecutionListener, org.springframework.test.context.jdbc.SqlScriptsTestExecutionListener]
2021-03-21 21:38:01.930  INFO 88728 --- [    Test worker] .b.t.c.SpringBootTestContextBootstrapper : Using TestExecutionListeners: [org.springframework.test.context.web.ServletTestExecutionListener@1748cc34, org.springframework.test.context.support.DirtiesContextBeforeModesTestExecutionListener@796c2dd6, org.springframework.boot.test.mock.mockito.MockitoTestExecutionListener@4e255280, org.springframework.boot.test.autoconfigure.SpringBootDependencyInjectionTestExecutionListener@5430e640, org.springframework.test.context.support.DirtiesContextTestExecutionListener@548b99e, org.springframework.test.context.transaction.TransactionalTestExecutionListener@1dd2367c, org.springframework.test.context.jdbc.SqlScriptsTestExecutionListener@7987d614, org.springframework.security.test.context.support.WithSecurityContextTestExecutionListener@2ad62d82, org.springframework.security.test.context.support.ReactorContextTestExecutionListener@6a92f50f, org.springframework.boot.test.autoconfigure.restdocs.RestDocsTestExecutionListener@667f4ff7, org.springframework.boot.test.autoconfigure.web.client.MockRestServiceServerResetTestExecutionListener@218f125a, org.springframework.boot.test.autoconfigure.web.servlet.MockMvcPrintOnlyOnFailureTestExecutionListener@3a2e91d4, org.springframework.boot.test.autoconfigure.web.servlet.WebDriverTestExecutionListener@47e92113, org.springframework.boot.test.mock.mockito.ResetMocksTestExecutionListener@5bf5ceee]
2021-03-21 21:38:01.939  INFO 88728 --- [    Test worker] o.a.c.c.C.[Tomcat].[localhost].[/]       : Initializing Spring TestDispatcherServlet ''
2021-03-21 21:38:01.939  INFO 88728 --- [    Test worker] o.s.t.web.servlet.TestDispatcherServlet  : Initializing Servlet ''
2021-03-21 21:38:01.941  INFO 88728 --- [    Test worker] o.s.t.web.servlet.TestDispatcherServlet  : Completed initialization in 2 ms
Hibernate: insert into posts (created_date, modified_date, author, content, title) values (?, ?, ?, ?, ?)
Hibernate: select posts0_.id as id1_0_, posts0_.created_date as created_2_0_, posts0_.modified_date as modified3_0_, posts0_.author as author4_0_, posts0_.content as content5_0_, posts0_.title as title6_0_ from posts posts0_
Hibernate: select posts0_.id as id1_0_, posts0_.created_date as created_2_0_, posts0_.modified_date as modified3_0_, posts0_.author as author4_0_, posts0_.content as content5_0_, posts0_.title as title6_0_ from posts posts0_
Hibernate: delete from posts where id=?
2021-03-21 21:38:02.006  INFO 88728 --- [    Test worker] o.a.c.c.C.[Tomcat].[localhost].[/]       : Initializing Spring TestDispatcherServlet ''
2021-03-21 21:38:02.006  INFO 88728 --- [    Test worker] o.s.t.web.servlet.TestDispatcherServlet  : Initializing Servlet ''
2021-03-21 21:38:02.007  INFO 88728 --- [    Test worker] o.s.t.web.servlet.TestDispatcherServlet  : Completed initialization in 1 ms
Hibernate: insert into posts (created_date, modified_date, author, content, title) values (?, ?, ?, ?, ?)
Hibernate: select posts0_.id as id1_0_0_, posts0_.created_date as created_2_0_0_, posts0_.modified_date as modified3_0_0_, posts0_.author as author4_0_0_, posts0_.content as content5_0_0_, posts0_.title as title6_0_0_ from posts posts0_ where posts0_.id=?
Hibernate: update posts set created_date=?, modified_date=?, author=?, content=?, title=? where id=?
Hibernate: select posts0_.id as id1_0_, posts0_.created_date as created_2_0_, posts0_.modified_date as modified3_0_, posts0_.author as author4_0_, posts0_.content as content5_0_, posts0_.title as title6_0_ from posts posts0_
Hibernate: select posts0_.id as id1_0_, posts0_.created_date as created_2_0_, posts0_.modified_date as modified3_0_, posts0_.author as author4_0_, posts0_.content as content5_0_, posts0_.title as title6_0_ from posts posts0_
Hibernate: delete from posts where id=?
]]></system-out>
  <system-err><![CDATA[]]></system-err>
</testsuite>
